[debug] [2020-10-01T04:06:58.871Z] ----------------------------------------------------------------------
[debug] [2020-10-01T04:06:58.874Z] Command:       C:\Program Files\nodejs\node.exe C:\Users\JAIVE\AppData\Roaming\npm\node_modules\firebase-tools\lib\bin\firebase.js init
[debug] [2020-10-01T04:06:58.875Z] CLI Version:   8.4.1
[debug] [2020-10-01T04:06:58.875Z] Platform:      win32
[debug] [2020-10-01T04:06:58.875Z] Node Version:  v10.15.3
[debug] [2020-10-01T04:06:58.877Z] Time:          Wed Sep 30 2020 23:06:58 GMT-0500 (GMT-05:00)
[debug] [2020-10-01T04:06:58.877Z] ----------------------------------------------------------------------
[debug] [2020-10-01T04:06:58.877Z] 
[debug] [2020-10-01T04:06:58.889Z] > command requires scopes: ["email","openid","https://www.googleapis.com/auth/cloudplatformprojects.readonly","https://www.googleapis.com/auth/firebase","https://www.googleapis.com/auth/cloud-platform"]
[debug] [2020-10-01T04:06:58.889Z] > authorizing via signed-in user
[info] 
     ######## #### ########  ######## ########     ###     ######  ########
     ##        ##  ##     ## ##       ##     ##  ##   ##  ##       ##
     ######    ##  ########  ######   ########  #########  ######  ######
     ##        ##  ##    ##  ##       ##     ## ##     ##       ## ##
     ##       #### ##     ## ######## ########  ##     ##  ######  ########

You're about to initialize a Firebase project in this directory:

  C:\xampp\htdocs\univalle-video

Before we get started, keep in mind:

  * You are currently outside your home directory
  * You are initializing in an existing Firebase project directory

